#
# There is insufficient memory for the Java Runtime Environment to continue.
# Native memory allocation (mmap) failed to map 257949696 bytes. Error detail: G1 virtual space
# Possible reasons:
#   The system is out of physical RAM or swap space
#   This process is running with CompressedOops enabled, and the Java Heap may be blocking the growth of the native heap
# Possible solutions:
#   Reduce memory load on the system
#   Increase physical memory or swap space
#   Check if swap backing store is full
#   Decrease Java heap size (-Xmx/-Xms)
#   Decrease number of Java threads
#   Decrease Java thread stack sizes (-Xss)
#   Set larger code cache with -XX:ReservedCodeCacheSize=
#   JVM is running with Zero Based Compressed Oops mode in which the Java heap is
#     placed in the first 32GB address space. The Java Heap base address is the
#     maximum limit for the native heap growth. Please use -XX:HeapBaseMinAddress
#     to set the Java Heap base and to place the Java Heap above 32GB virtual address.
# This output file may be truncated or incomplete.
#
#  Out of Memory Error (os_windows.cpp:3815), pid=22808, tid=20432
#
# JRE version:  (21.0.3) (build )
# Java VM: OpenJDK 64-Bit Server VM (21.0.3+-12282718-b509.11, mixed mode, sharing, tiered, compressed oops, compressed class ptrs, g1 gc, windows-amd64)
# No core dump will be written. Minidumps are not enabled by default on client versions of Windows
#

---------------  S U M M A R Y ------------

Command Line: git4idea.http.GitAskPassApp Username for 'https://github.com': 

Host: AMD Ryzen 5 5500U with Radeon Graphics         , 12 cores, 15G,  Windows 11 , 64 bit Build 26100 (10.0.26100.3323)
Time: Sun Mar 23 03:12:02 2025 SE Asia Standard Time elapsed time: 1.084902 seconds (0d 0h 0m 1s)

---------------  T H R E A D  ---------------

Current thread (0x000002564eb70270):  JavaThread "Unknown thread" [_thread_in_vm, id=20432, stack(0x000000d25fa00000,0x000000d25fb00000) (1024K)]

Stack: [0x000000d25fa00000,0x000000d25fb00000]
Native frames: (J=compiled Java code, j=interpreted, Vv=VM code, C=native code)
V  [jvm.dll+0x6cafb9]
V  [jvm.dll+0x858523]
V  [jvm.dll+0x85aa7e]
V  [jvm.dll+0x85b163]
V  [jvm.dll+0x27d356]
V  [jvm.dll+0x6c7865]
V  [jvm.dll+0x6bbd3a]
V  [jvm.dll+0x35199b]
V  [jvm.dll+0x3595d6]
V  [jvm.dll+0x3aa826]
V  [jvm.dll+0x3aaaf8]
V  [jvm.dll+0x3240bc]
V  [jvm.dll+0x324dab]
V  [jvm.dll+0x81fd89]
V  [jvm.dll+0x3b7c08]
V  [jvm.dll+0x80921d]
V  [jvm.dll+0x44c05e]
V  [jvm.dll+0x44d6b1]
C  [jli.dll+0x52ab]
C  [ucrtbase.dll+0x37b0]
C  [KERNEL32.DLL+0x2e8d7]
C  [ntdll.dll+0xbbf6c]


---------------  P R O C E S S  ---------------

Threads class SMR info:
_java_thread_list=0x00007fffd32257c8, length=0, elements={
}

Java Threads: ( => current thread )
Total: 0

Other Threads:
  0x0000025650e78710 WorkerThread "GC Thread#0"                     [id=14968, stack(0x000000d25fb00000,0x000000d25fc00000) (1024K)]
  0x0000025650e88c70 ConcurrentGCThread "G1 Main Marker"            [id=7308, stack(0x000000d25fc00000,0x000000d25fd00000) (1024K)]
  0x0000025650e8c470 WorkerThread "G1 Conc#0"                       [id=14452, stack(0x000000d25fd00000,0x000000d25fe00000) (1024K)]

[error occurred during error reporting (printing all threads), id 0xc0000005, EXCEPTION_ACCESS_VIOLATION (0xc0000005) at pc=0x00007fffd2a27197]
VM state: not at safepoint (not fully initialized)

VM Mutex/Monitor currently owned by a thread:  ([mutex/lock_event])
[0x00007fffd32921c8] Heap_lock - owner thread: 0x000002564eb70270

Heap address: 0x000000070a800000, size: 3928 MB, Compressed Oops mode: Zero based, Oop shift amount: 3

CDS archive(s) mapped at: [0x0000000000000000-0x0000000000000000-0x0000000000000000), size 0, SharedBaseAddress: 0x0000000800000000, ArchiveRelocationMode: 1.
Narrow klass base: 0x0000000000000000, Narrow klass shift: 0, Narrow klass range: 0x0

GC Precious Log:
 CardTable entry size: 512
 Card Set container configuration: InlinePtr #cards 4 size 8 Array Of Cards #cards 16 size 48 Howl #buckets 8 coarsen threshold 3686 Howl Bitmap #cards 512 size 80 coarsen threshold 460 Card regions per heap region 1 cards per card region 4096

Heap:
 garbage-first heap   total 0K, used 0K [0x000000070a800000, 0x0000000800000000)
  region size 2048K, 0 young (0K), 0 survivors (0K)
 Metaspace       used 0K, committed 0K, reserved 0K
  class space    used 0K, committed 0K, reserved 0K

Heap Regions: E=young(eden), S=young(survivor), O=old, HS=humongous(starts), HC=humongous(continues), CS=collection set, F=free, TAMS=top-at-mark-start, PB=parsable bottom

Card table byte_map: [0x0000025663c70000,0x0000025664420000] _byte_map_base: 0x000002566041c000

Marking Bits: (CMBitMap*) 0x0000025650e78e10
 Bits: [0x0000025664420000, 0x0000025668180000)

GC Heap History (0 events):
No events

Dll operation events (1 events):
Event: 0.010 Loaded shared library D:\Android\Android Studio\jbr\bin\java.dll

Deoptimization events (0 events):
No events

Classes loaded (0 events):
No events

Classes unloaded (0 events):
No events

Classes redefined (0 events):
No events

Internal exceptions (0 events):
No events

ZGC Phase Switch (0 events):
No events

VM Operations (0 events):
No events

Events (0 events):
No events


Dynamic libraries:
0x00007ff750360000 - 0x00007ff75036a000 	D:\Android\Android Studio\jbr\bin\java.exe
0x00007ff8854e0000 - 0x00007ff885743000 	C:\WINDOWS\SYSTEM32\ntdll.dll
0x00007ff884f10000 - 0x00007ff884fd7000 	C:\WINDOWS\System32\KERNEL32.DLL
0x00007ff8826e0000 - 0x00007ff882aa9000 	C:\WINDOWS\System32\KERNELBASE.dll
0x00007ff882bf0000 - 0x00007ff882d3c000 	C:\WINDOWS\System32\ucrtbase.dll
0x00007ff8669a0000 - 0x00007ff8669b8000 	D:\Android\Android Studio\jbr\bin\jli.dll
0x00007ff87f6b0000 - 0x00007ff87f6cb000 	D:\Android\Android Studio\jbr\bin\VCRUNTIME140.dll
0x00007ff884260000 - 0x00007ff88442a000 	C:\WINDOWS\System32\USER32.dll
0x00007ff8832d0000 - 0x00007ff8832f7000 	C:\WINDOWS\System32\win32u.dll
0x00007ff884e00000 - 0x00007ff884e2a000 	C:\WINDOWS\System32\GDI32.dll
0x00007ff872fd0000 - 0x00007ff873260000 	C:\WINDOWS\WinSxS\amd64_microsoft.windows.common-controls_6595b64144ccf1df_6.0.26100.3323_none_3e088096e3344490\COMCTL32.dll
0x00007ff882ab0000 - 0x00007ff882be1000 	C:\WINDOWS\System32\gdi32full.dll
0x00007ff883df0000 - 0x00007ff883e99000 	C:\WINDOWS\System32\msvcrt.dll
0x00007ff882fe0000 - 0x00007ff883083000 	C:\WINDOWS\System32\msvcp_win.dll
0x00007ff8833b0000 - 0x00007ff8833df000 	C:\WINDOWS\System32\IMM32.DLL
0x00007ff87c050000 - 0x00007ff87c05c000 	D:\Android\Android Studio\jbr\bin\vcruntime140_1.dll
0x00007ff818c20000 - 0x00007ff818cad000 	D:\Android\Android Studio\jbr\bin\msvcp140.dll
0x00007fffd26f0000 - 0x00007fffd336d000 	D:\Android\Android Studio\jbr\bin\server\jvm.dll
0x00007ff8844b0000 - 0x00007ff884562000 	C:\WINDOWS\System32\ADVAPI32.dll
0x00007ff884790000 - 0x00007ff884836000 	C:\WINDOWS\System32\sechost.dll
0x00007ff8852b0000 - 0x00007ff8853c6000 	C:\WINDOWS\System32\RPCRT4.dll
0x00007ff884430000 - 0x00007ff8844a4000 	C:\WINDOWS\System32\WS2_32.dll
0x00007ff87b960000 - 0x00007ff87b96b000 	C:\WINDOWS\SYSTEM32\VERSION.dll
0x00007ff882570000 - 0x00007ff8825be000 	C:\WINDOWS\SYSTEM32\POWRPROF.dll
0x00007ff87a680000 - 0x00007ff87a6b6000 	C:\WINDOWS\SYSTEM32\WINMM.dll
0x00007ff882550000 - 0x00007ff882564000 	C:\WINDOWS\SYSTEM32\UMPDC.dll
0x00007ff881500000 - 0x00007ff88151a000 	C:\WINDOWS\SYSTEM32\kernel.appcore.dll
0x00007ff871cb0000 - 0x00007ff871cba000 	D:\Android\Android Studio\jbr\bin\jimage.dll
0x00007ff876b50000 - 0x00007ff876d91000 	C:\WINDOWS\SYSTEM32\DBGHELP.DLL
0x00007ff883ea0000 - 0x00007ff884222000 	C:\WINDOWS\System32\combase.dll
0x00007ff884e30000 - 0x00007ff884f06000 	C:\WINDOWS\System32\OLEAUT32.dll
0x00007ff871d20000 - 0x00007ff871d59000 	C:\WINDOWS\SYSTEM32\dbgcore.DLL
0x00007ff882dd0000 - 0x00007ff882e69000 	C:\WINDOWS\System32\bcryptPrimitives.dll
0x00007ff866ca0000 - 0x00007ff866cbf000 	D:\Android\Android Studio\jbr\bin\java.dll

dbghelp: loaded successfully - version: 4.0.5 - missing functions: none
symbol engine: initialized successfully - sym options: 0x614 - pdb path: .;D:\Android\Android Studio\jbr\bin;C:\WINDOWS\SYSTEM32;C:\WINDOWS\WinSxS\amd64_microsoft.windows.common-controls_6595b64144ccf1df_6.0.26100.3323_none_3e088096e3344490;D:\Android\Android Studio\jbr\bin\server

VM Arguments:
java_command: git4idea.http.GitAskPassApp Username for 'https://github.com': 
java_class_path (initial): D:/Android/Android Studio/plugins/vcs-git/lib/git4idea-rt.jar;D:/Android/Android Studio/lib/externalProcess-rt.jar
Launcher Type: SUN_STANDARD

[Global flags]
     intx CICompilerCount                          = 4                                         {product} {ergonomic}
     uint ConcGCThreads                            = 3                                         {product} {ergonomic}
     uint G1ConcRefinementThreads                  = 10                                        {product} {ergonomic}
   size_t G1HeapRegionSize                         = 2097152                                   {product} {ergonomic}
    uintx GCDrainStackTargetSize                   = 64                                        {product} {ergonomic}
   size_t InitialHeapSize                          = 257949696                                 {product} {ergonomic}
   size_t MarkStackSize                            = 4194304                                   {product} {ergonomic}
   size_t MaxHeapSize                              = 4118806528                                {product} {ergonomic}
   size_t MinHeapDeltaBytes                        = 2097152                                   {product} {ergonomic}
   size_t MinHeapSize                              = 8388608                                   {product} {ergonomic}
    uintx NonNMethodCodeHeapSize                   = 5839372                                {pd product} {ergonomic}
    uintx NonProfiledCodeHeapSize                  = 122909434                              {pd product} {ergonomic}
    uintx ProfiledCodeHeapSize                     = 122909434                              {pd product} {ergonomic}
    uintx ReservedCodeCacheSize                    = 251658240                              {pd product} {ergonomic}
     bool SegmentedCodeCache                       = true                                      {product} {ergonomic}
   size_t SoftMaxHeapSize                          = 4118806528                             {manageable} {ergonomic}
     bool UseCompressedOops                        = true                           {product lp64_product} {ergonomic}
     bool UseG1GC                                  = true                                      {product} {ergonomic}
     bool UseLargePagesIndividualAllocation        = false                                  {pd product} {ergonomic}

Logging:
Log output configuration:
 #0: stdout all=warning uptime,level,tags foldmultilines=false
 #1: stderr all=off uptime,level,tags foldmultilines=false

Environment Variables:
PATH=C:\Program Files\Git\mingw64\libexec\git-core;C:\Program Files\Git\mingw64\libexec\git-core;C:\Program Files\Git\mingw64\bin;C:\Program Files\Git\usr\bin;C:\Users\nguye\bin;C:\Users\nguye\AppData\Local\Programs\cursor\resources\app\bin;C:\Python313\Scripts;C:\Python313;C:\Users\nguye\AppData\Local\Programs\cursor\resources\app\bin;D:\VMware\bin;D:\VulkanSDK\1.3.296.0\Bin;C:\WINDOWS\system32;C:\WINDOWS\System32\Wbem;C:\WINDOWS;C:\WINDOWS\System32\WindowsPowerShell\v1.0;C:\WINDOWS\System32\OpenSSH;C:\WINDOWS\system32;C:\WINDOWS\System32\Wbem;C:\WINDOWS;C:\WINDOWS\System32\WindowsPowerShell\v1.0;C:\WINDOWS\System32\OpenSSH;C:\Program Files\Common Files\Oracle\Java\javapath;C:\Program Files (x86)\Microsoft SQL Server\160\Tools\Binn;C:\Program Files\Microsoft SQL Server\160\Tools\Binn;C:\Program Files\Microsoft SQL Server\Client SDK\ODBC\170\Tools\Binn;C:\Program Files\Microsoft SQL Server\160\DTS\Binn;C:\Program Files (x86)\Microsoft SQL Server\160\DTS\Binn;C:\Program Files (x86)\NVIDIA Corporation\PhysX\Common;C:\Program Files\Microsoft SQL Server\150\Tools\Binn;C:\Program Files (x86)\Windows Kits\10\Windows Performance Toolkit;C:\Users\nguye\Downloads\Compressed\php-;D:\Android\SDK\platform-tools;C:\Users\nguye\AppData\Local\Programs\Python\Python312\Scripts;C:\Users\nguye\AppData\Local\Programs\Python\Python312;C:\Users\nguye\AppData\Local\Microsoft\WindowsApps;C:\Users\nguye\AppData\Local\Programs\Microsoft VS Code\bin;C:\Users\nguye\.dotnet\tools;D:\IntelliJ IDEA 2024.3\bin;C:\Users\nguye\AppData\Roaming\Composer\vendor\bin;C:\Users\nguye\AppData\Local\Pub\Cache\bin;C:\Users\nguye\AppData\Roaming\npm;C:\Users\nguye\AppData\Local\Programs\cursor\resources\app\bin
USERNAME=nguye
DISPLAY=:0.0
LC_ALL=en_US.UTF-8
TERM=xterm-256color
TMPDIR=C:\Users\nguye\AppData\Local\Temp
OS=Windows_NT
PROCESSOR_IDENTIFIER=AMD64 Family 23 Model 104 Stepping 1, AuthenticAMD
TMP=C:\Users\nguye\AppData\Local\Temp
TEMP=C:\Users\nguye\AppData\Local\Temp




Periodic native trim disabled

JNI global refs:
JNI global refs: 0, weak refs: 0

JNI global refs memory usage: 0, weak refs: 0

Process memory usage:
Resident Set Size: 13200K (0% of 16083516K total physical memory with 684288K free physical memory)

OOME stack traces (most recent first):
Classloader memory used:

---------------  S Y S T E M  ---------------

OS:
 Windows 11 , 64 bit Build 26100 (10.0.26100.3323)
OS uptime: 1 days 10:43 hours

CPU: total 12 (initial active 12) (12 cores per cpu, 2 threads per core) family 23 model 104 stepping 1 microcode 0x8608103, cx8, cmov, fxsr, ht, mmx, 3dnowpref, sse, sse2, sse3, ssse3, sse4a, sse4.1, sse4.2, popcnt, lzcnt, tsc, tscinvbit, avx, avx2, aes, clmul, bmi1, bmi2, adx, sha, fma, vzeroupper, clflush, clflushopt, rdtscp, rdpid, f16c
Processor Information for all 12 processors :
  Max Mhz: 2100, Current Mhz: 2100, Mhz Limit: 2100

Memory: 4k page, system-wide physical 15706M (668M free)
TotalPageFile size 33206M (AvailPageFile size 215M)
current process WorkingSet (physical memory assigned to process): 12M, peak: 12M
current process commit charge ("private bytes"): 64M, peak: 310M

vm_info: OpenJDK 64-Bit Server VM (21.0.3+-12282718-b509.11) for windows-amd64 JRE (21.0.3+-12282718-b509.11), built on 2024-08-27T17:34:15Z by "builder" with MS VC++ 16.10 / 16.11 (VS2019)

END.
